# JRE version: Java(TM) SE Runtime Environment (11.0.1+13) (build 11.0.1+13-LTS)
# Java VM: Java HotSpot(TM) 64-Bit Server VM (11.0.1+13-LTS, mixed mode, tiered, compressed oops, g1 gc, windows-amd64)
Heap:
 garbage-first heap   total 393216K, used 29018K [0x0000000680800000, 0x0000000800000000)
  region size 1024K, 20 young (20480K), 7 survivors (7168K)
 Metaspace       used 35427K, capacity 36639K, committed 36816K, reserved 1081344K
  class space    used 4388K, capacity 4870K, committed 4992K, reserved 1048576K
GC Heap History (8 events):
Event: 1.047 GC heap before
{Heap before GC invocations=0 (full 0):
 garbage-first heap   total 393216K, used 23552K [0x0000000680800000, 0x0000000800000000)
  region size 1024K, 24 young (24576K), 0 survivors (0K)
 Metaspace       used 10825K, capacity 11157K, committed 11264K, reserved 1058816K
  class space    used 1057K, capacity 1193K, committed 1280K, reserved 1048576K
}
Event: 1.050 GC heap after
{Heap after GC invocations=1 (full 0):
 garbage-first heap   total 393216K, used 4886K [0x0000000680800000, 0x0000000800000000)
  region size 1024K, 3 young (3072K), 3 survivors (3072K)
 Metaspace       used 10825K, capacity 11157K, committed 11264K, reserved 1058816K
  class space    used 1057K, capacity 1193K, committed 1280K, reserved 1048576K
}
Event: 2.577 GC heap before
{Heap before GC invocations=1 (full 0):
 garbage-first heap   total 393216K, used 31510K [0x0000000680800000, 0x0000000800000000)
  region size 1024K, 30 young (30720K), 3 survivors (3072K)
 Metaspace       used 20698K, capacity 21167K, committed 21296K, reserved 1069056K
  class space    used 2200K, capacity 2402K, committed 2432K, reserved 1048576K
}
Event: 2.584 GC heap after
{Heap after GC invocations=2 (full 0):
 garbage-first heap   total 393216K, used 8650K [0x0000000680800000, 0x0000000800000000)
  region size 1024K, 7 young (7168K), 7 survivors (7168K)
 Metaspace       used 20698K, capacity 21167K, committed 21296K, reserved 1069056K
  class space    used 2200K, capacity 2402K, committed 2432K, reserved 1048576K
}
Event: 3.071 GC heap before
{Heap before GC invocations=3 (full 0):
 garbage-first heap   total 393216K, used 36298K [0x0000000680800000, 0x0000000800000000)
  region size 1024K, 35 young (35840K), 7 survivors (7168K)
 Metaspace       used 27914K, capacity 28577K, committed 28720K, reserved 1075200K
  class space    used 3329K, capacity 3598K, committed 3712K, reserved 1048576K
}
Event: 3.077 GC heap after
{Heap after GC invocations=4 (full 0):
 garbage-first heap   total 393216K, used 11455K [0x0000000680800000, 0x0000000800000000)
  region size 1024K, 4 young (4096K), 4 survivors (4096K)
 Metaspace       used 27914K, capacity 28577K, committed 28720K, reserved 1075200K
  class space    used 3329K, capacity 3598K, committed 3712K, reserved 1048576K
}
Event: 10.204 GC heap before
{Heap before GC invocations=4 (full 0):
 garbage-first heap   total 393216K, used 42175K [0x0000000680800000, 0x0000000800000000)
  region size 1024K, 33 young (33792K), 4 survivors (4096K)
 Metaspace       used 34662K, capacity 35787K, committed 35920K, reserved 1081344K
  class space    used 4332K, capacity 4800K, committed 4864K, reserved 1048576K
}
Event: 10.212 GC heap after
{Heap after GC invocations=5 (full 0):
 garbage-first heap   total 393216K, used 16730K [0x0000000680800000, 0x0000000800000000)
  region size 1024K, 7 young (7168K), 7 survivors (7168K)
 Metaspace       used 34662K, capacity 35787K, committed 35920K, reserved 1081344K
  class space    used 4332K, capacity 4800K, committed 4864K, reserved 1048576K
}

